<?xml version="1.0" encoding="UTF-8"?><testsuite failures="0" name="cucumber.runtime.formatter.JUnitFormatter" skipped="0" tests="1" time="17.69456">
<testcase classname="Free CRM Application Test" name="Validate Free CRM Home Test" time="17.69456">
<system-out><![CDATA[Given user opens browser....................................................passed
Then user is on login Page..................................................passed
Then user enters username and password......................................passed
Then validate home page title...............................................passed
Then validate logged in username............................................passed
Then close the browser......................................................passed
]]></system-out>
</testcase>
</testsuite>
